2018-06-03 19:17:07,246:ERROR:prov_utilities.com_resources:in thread <class 'prov_utilities.open_apps_detector.NumOfAppOpen'> is This:
2018-06-03 19:17:07,246:ERROR:prov_utilities.com_resources:hello i am in thread Run Function
2018-06-03 19:17:07,246:ERROR:prov_utilities.com_resources:<bound method Process.name of psutil.Process(pid=0, name='System Idle Process', started='13:28:05')>
2018-06-03 19:17:07,246:ERROR:prov_utilities.com_resources:<bound method Process.name of psutil.Process(pid=4, name='System', started='13:28:05')>
2018-06-03 19:17:07,246:ERROR:prov_utilities.com_resources:<bound method Process.name of psutil.Process(pid=96, name='Registry', started='13:28:05')>
2018-06-03 19:17:07,246:ERROR:prov_utilities.com_resources:<bound method Process.name of psutil.Process(pid=368, name='svchost.exe', started='13:28:41')>
2018-06-03 19:17:07,246:ERROR:prov_utilities.com_resources:<bound method Process.name of psutil.Process(pid=408, name='smss.exe', started='13:28:15')>
2018-06-03 19:17:07,263:ERROR:prov_utilities.com_resources:<bound method Process.name of psutil.Process(pid=452, name='svchost.exe', started='13:28:41')>
2018-06-03 19:17:07,263:ERROR:prov_utilities.com_resources:<bound method Process.name of psutil.Process(pid=548, name='igfxTray.exe', started='13:30:11')>
2018-06-03 19:17:07,263:ERROR:prov_utilities.com_resources:<bound method Process.name of psutil.Process(pid=600, name='csrss.exe', started='13:28:37')>
2018-06-03 19:17:07,263:ERROR:prov_utilities.com_resources:<bound method Process.name of psutil.Process(pid=684, name='wininit.exe', started='13:28:38')>
2018-06-03 19:17:07,263:ERROR:prov_utilities.com_resources:<bound method Process.name of psutil.Process(pid=700, name='csrss.exe', started='13:28:38')>
2018-06-03 19:17:07,263:ERROR:prov_utilities.com_resources:<bound method Process.name of psutil.Process(pid=760, name='services.exe', started='13:28:38')>
2018-06-03 19:17:07,278:ERROR:prov_utilities.com_resources:<bound method Process.name of psutil.Process(pid=776, name='lsass.exe', started='13:28:38')>
2018-06-03 19:17:07,278:ERROR:prov_utilities.com_resources:<bound method Process.name of psutil.Process(pid=792, name='RuntimeBroker.exe', started='13:30:24')>
2018-06-03 19:17:07,278:ERROR:prov_utilities.com_resources:<bound method Process.name of psutil.Process(pid=848, name='winlogon.exe', started='13:28:38')>
2018-06-03 19:17:07,278:ERROR:prov_utilities.com_resources:<bound method Process.name of psutil.Process(pid=976, name='svchost.exe', started='13:28:38')>
2018-06-03 19:17:07,278:ERROR:prov_utilities.com_resources:<bound method Process.name of psutil.Process(pid=1012, name='fontdrvhost.exe', started='13:28:38')>
2018-06-03 19:17:07,278:ERROR:prov_utilities.com_resources:<bound method Process.name of psutil.Process(pid=1016, name='fontdrvhost.exe', started='13:28:38')>
2018-06-03 19:17:07,278:ERROR:prov_utilities.com_resources:<bound method Process.name of psutil.Process(pid=1104, name='svchost.exe', started='13:28:38')>
2018-06-03 19:17:07,293:ERROR:prov_utilities.com_resources:<bound method Process.name of psutil.Process(pid=1164, name='svchost.exe', started='13:28:41')>
2018-06-03 19:17:07,293:ERROR:prov_utilities.com_resources:<bound method Process.name of psutil.Process(pid=1176, name='dwm.exe', started='13:28:38')>
2018-06-03 19:17:07,293:ERROR:prov_utilities.com_resources:<bound method Process.name of psutil.Process(pid=1280, name='svchost.exe', started='13:28:38')>
2018-06-03 19:17:07,293:ERROR:prov_utilities.com_resources:<bound method Process.name of psutil.Process(pid=1316, name='svchost.exe', started='13:28:39')>
2018-06-03 19:17:07,293:ERROR:prov_utilities.com_resources:<bound method Process.name of psutil.Process(pid=1368, name='svchost.exe', started='13:28:39')>
2018-06-03 19:17:07,293:ERROR:prov_utilities.com_resources:<bound method Process.name of psutil.Process(pid=1388, name='igfxHK.exe', started='13:30:11')>
2018-06-03 19:17:07,309:ERROR:prov_utilities.com_resources:<bound method Process.name of psutil.Process(pid=1416, name='svchost.exe', started='13:28:39')>
2018-06-03 19:17:07,309:ERROR:prov_utilities.com_resources:<bound method Process.name of psutil.Process(pid=1472, name='svchost.exe', started='13:28:40')>
2018-06-03 19:17:07,309:ERROR:prov_utilities.com_resources:<bound method Process.name of psutil.Process(pid=1484, name='ShellExperienceHost.exe', started='13:30:24')>
2018-06-03 19:17:07,309:ERROR:prov_utilities.com_resources:<bound method Process.name of psutil.Process(pid=1596, name='SearchUI.exe', started='13:30:26')>
2018-06-03 19:17:07,309:ERROR:prov_utilities.com_resources:<bound method Process.name of psutil.Process(pid=1688, name='Memory Compression', started='13:28:40')>
2018-06-03 19:17:07,309:ERROR:prov_utilities.com_resources:<bound method Process.name of psutil.Process(pid=1720, name='svchost.exe', started='13:28:40')>
2018-06-03 19:17:07,309:ERROR:prov_utilities.com_resources:<bound method Process.name of psutil.Process(pid=1732, name='svchost.exe', started='13:28:40')>
2018-06-03 19:17:07,325:ERROR:prov_utilities.com_resources:<bound method Process.name of psutil.Process(pid=1856, name='igfxCUIService.exe', started='13:28:40')>
2018-06-03 19:17:07,325:ERROR:prov_utilities.com_resources:<bound method Process.name of psutil.Process(pid=1936, name='svchost.exe', started='13:28:40')>
2018-06-03 19:17:07,325:ERROR:prov_utilities.com_resources:<bound method Process.name of psutil.Process(pid=2032, name='svchost.exe', started='13:28:41')>
2018-06-03 19:17:07,325:ERROR:prov_utilities.com_resources:<bound method Process.name of psutil.Process(pid=2080, name='spoolsv.exe', started='13:28:43')>
2018-06-03 19:17:07,325:ERROR:prov_utilities.com_resources:<bound method Process.name of psutil.Process(pid=2264, name='svchost.exe', started='13:28:44')>
2018-06-03 19:17:07,325:ERROR:prov_utilities.com_resources:<bound method Process.name of psutil.Process(pid=2280, name='svchost.exe', started='13:28:44')>
2018-06-03 19:17:07,341:ERROR:prov_utilities.com_resources:<bound method Process.name of psutil.Process(pid=2312, name='SecurityHealthService.exe', started='13:28:44')>
2018-06-03 19:17:07,341:ERROR:prov_utilities.com_resources:<bound method Process.name of psutil.Process(pid=2320, name='armsvc.exe', started='13:28:44')>
2018-06-03 19:17:07,341:ERROR:prov_utilities.com_resources:<bound method Process.name of psutil.Process(pid=2328, name='SynTPEnhService.exe', started='13:28:44')>
2018-06-03 19:17:07,341:ERROR:prov_utilities.com_resources:<bound method Process.name of psutil.Process(pid=2336, name='ForwardDaemon.exe', started='13:28:44')>
2018-06-03 19:17:07,341:ERROR:prov_utilities.com_resources:<bound method Process.name of psutil.Process(pid=2344, name='MotoHelperService.exe', started='13:28:44')>
2018-06-03 19:17:07,357:ERROR:prov_utilities.com_resources:<bound method Process.name of psutil.Process(pid=2360, name='MsMpEng.exe', started='13:28:44')>
2018-06-03 19:17:07,357:ERROR:prov_utilities.com_resources:<bound method Process.name of psutil.Process(pid=2460, name='TeamViewer_Service.exe', started='13:28:45')>
2018-06-03 19:17:07,357:ERROR:prov_utilities.com_resources:<bound method Process.name of psutil.Process(pid=2484, name='SearchIndexer.exe', started='13:28:45')>
2018-06-03 19:17:07,357:ERROR:prov_utilities.com_resources:<bound method Process.name of psutil.Process(pid=2700, name='dasHost.exe', started='13:28:47')>
2018-06-03 19:17:07,357:ERROR:prov_utilities.com_resources:<bound method Process.name of psutil.Process(pid=2772, name='svchost.exe', started='13:28:48')>
2018-06-03 19:17:07,371:ERROR:prov_utilities.com_resources:<bound method Process.name of psutil.Process(pid=2864, name='svchost.exe', started='13:28:48')>
2018-06-03 19:17:07,371:ERROR:prov_utilities.com_resources:<bound method Process.name of psutil.Process(pid=3284, name='dllhost.exe', started='13:30:14')>
2018-06-03 19:17:07,371:ERROR:prov_utilities.com_resources:<bound method Process.name of psutil.Process(pid=3472, name='igfxEM.exe', started='13:30:11')>
2018-06-03 19:17:07,371:ERROR:prov_utilities.com_resources:<bound method Process.name of psutil.Process(pid=3768, name='RuntimeBroker.exe', started='13:30:30')>
2018-06-03 19:17:07,371:ERROR:prov_utilities.com_resources:<bound method Process.name of psutil.Process(pid=3832, name='wmpnetwk.exe', started='13:29:14')>
2018-06-03 19:17:07,371:ERROR:prov_utilities.com_resources:<bound method Process.name of psutil.Process(pid=4148, name='GoogleCrashHandler.exe', started='13:30:10')>
2018-06-03 19:17:07,371:ERROR:prov_utilities.com_resources:<bound method Process.name of psutil.Process(pid=4180, name='NisSrv.exe', started='13:29:40')>
2018-06-03 19:17:07,371:ERROR:prov_utilities.com_resources:<bound method Process.name of psutil.Process(pid=4500, name='SynTPEnh.exe', started='13:29:55')>
2018-06-03 19:17:07,371:ERROR:prov_utilities.com_resources:<bound method Process.name of psutil.Process(pid=4564, name='sihost.exe', started='13:29:56')>
2018-06-03 19:17:07,371:ERROR:prov_utilities.com_resources:<bound method Process.name of psutil.Process(pid=4592, name='MotoHelperAgent.exe', started='13:29:56')>
2018-06-03 19:17:07,371:ERROR:prov_utilities.com_resources:<bound method Process.name of psutil.Process(pid=4660, name='RuntimeBroker.exe', started='15:20:59')>
2018-06-03 19:17:07,388:ERROR:prov_utilities.com_resources:<bound method Process.name of psutil.Process(pid=4684, name='audiodg.exe', started='19:16:57')>
2018-06-03 19:17:07,388:ERROR:prov_utilities.com_resources:<bound method Process.name of psutil.Process(pid=4688, name='svchost.exe', started='13:29:58')>
2018-06-03 19:17:07,388:ERROR:prov_utilities.com_resources:<bound method Process.name of psutil.Process(pid=4808, name='PresentationFontCache.exe', started='13:29:58')>
2018-06-03 19:17:07,388:ERROR:prov_utilities.com_resources:<bound method Process.name of psutil.Process(pid=4948, name='taskhostw.exe', started='13:29:59')>
2018-06-03 19:17:07,388:ERROR:prov_utilities.com_resources:<bound method Process.name of psutil.Process(pid=4960, name='LockApp.exe', started='18:49:38')>
2018-06-03 19:17:07,388:ERROR:prov_utilities.com_resources:<bound method Process.name of psutil.Process(pid=4984, name='Microsoft.Notes.exe', started='13:30:22')>
2018-06-03 19:17:07,388:ERROR:prov_utilities.com_resources:<bound method Process.name of psutil.Process(pid=4988, name='RuntimeBroker.exe', started='13:30:27')>
2018-06-03 19:17:07,388:ERROR:prov_utilities.com_resources:<bound method Process.name of psutil.Process(pid=5200, name='SynTPHelper.exe', started='13:30:00')>
2018-06-03 19:17:07,388:ERROR:prov_utilities.com_resources:<bound method Process.name of psutil.Process(pid=5324, name='RuntimeBroker.exe', started='13:31:12')>
2018-06-03 19:17:07,388:ERROR:prov_utilities.com_resources:<bound method Process.name of psutil.Process(pid=5624, name='ctfmon.exe', started='13:30:04')>
2018-06-03 19:17:07,388:ERROR:prov_utilities.com_resources:<bound method Process.name of psutil.Process(pid=5856, name='python.exe', started='19:17:06')>
2018-06-03 19:17:07,388:ERROR:prov_utilities.com_resources:<bound method Process.name of psutil.Process(pid=6028, name='explorer.exe', started='13:30:08')>
2018-06-03 19:17:07,388:ERROR:prov_utilities.com_resources:<bound method Process.name of psutil.Process(pid=6232, name='HxTsr.exe', started='13:30:31')>
2018-06-03 19:17:07,388:ERROR:prov_utilities.com_resources:<bound method Process.name of psutil.Process(pid=6264, name='RuntimeBroker.exe', started='13:31:38')>
2018-06-03 19:17:07,388:ERROR:prov_utilities.com_resources:<bound method Process.name of psutil.Process(pid=6296, name='RemindersServer.exe', started='13:30:31')>
2018-06-03 19:17:07,403:ERROR:prov_utilities.com_resources:<bound method Process.name of psutil.Process(pid=6340, name='sublime_text.exe', started='13:44:06')>
2018-06-03 19:17:07,403:ERROR:prov_utilities.com_resources:<bound method Process.name of psutil.Process(pid=6368, name='SkypeHost.exe', started='13:30:32')>
2018-06-03 19:17:07,403:ERROR:prov_utilities.com_resources:<bound method Process.name of psutil.Process(pid=6492, name='plugin_host.exe', started='13:44:06')>
2018-06-03 19:17:07,403:ERROR:prov_utilities.com_resources:<bound method Process.name of psutil.Process(pid=6604, name='conhost.exe', started='13:31:29')>
2018-06-03 19:17:07,403:ERROR:prov_utilities.com_resources:<bound method Process.name of psutil.Process(pid=6660, name='RuntimeBroker.exe', started='13:30:33')>
2018-06-03 19:17:07,403:ERROR:prov_utilities.com_resources:<bound method Process.name of psutil.Process(pid=6696, name='svchost.exe', started='17:11:24')>
2018-06-03 19:17:07,403:ERROR:prov_utilities.com_resources:<bound method Process.name of psutil.Process(pid=6788, name='SpeechRuntime.exe', started='13:30:35')>
2018-06-03 19:17:07,403:ERROR:prov_utilities.com_resources:<bound method Process.name of psutil.Process(pid=6800, name='SettingSyncHost.exe', started='13:30:35')>
2018-06-03 19:17:07,403:ERROR:prov_utilities.com_resources:<bound method Process.name of psutil.Process(pid=6864, name='AmoltoRecorder.exe', started='13:30:53')>
2018-06-03 19:17:07,403:ERROR:prov_utilities.com_resources:<bound method Process.name of psutil.Process(pid=7232, name='RuntimeBroker.exe', started='18:49:41')>
2018-06-03 19:17:07,403:ERROR:prov_utilities.com_resources:<bound method Process.name of psutil.Process(pid=7692, name='Video.UI.exe', started='15:20:48')>
2018-06-03 19:17:07,403:ERROR:prov_utilities.com_resources:<bound method Process.name of psutil.Process(pid=7748, name='dllhost.exe', started='13:30:47')>
2018-06-03 19:17:07,403:ERROR:prov_utilities.com_resources:<bound method Process.name of psutil.Process(pid=7848, name='MSASCuiL.exe', started='13:30:48')>
2018-06-03 19:17:07,403:ERROR:prov_utilities.com_resources:<bound method Process.name of psutil.Process(pid=7860, name='GrooveMonitor.exe', started='13:30:49')>
2018-06-03 19:17:07,403:ERROR:prov_utilities.com_resources:<bound method Process.name of psutil.Process(pid=7916, name='cmd.exe', started='13:31:28')>
2018-06-03 19:17:07,403:ERROR:prov_utilities.com_resources:<bound method Process.name of psutil.Process(pid=7960, name='WSHelper.exe', started='13:30:49')>
2018-06-03 19:17:07,403:ERROR:prov_utilities.com_resources:<bound method Process.name of psutil.Process(pid=8132, name='OneDrive.exe', started='13:30:50')>
